e:\workserver\wanghu\中间目录\游戏组件\血战麻将\游戏服务器\debug_unicode\sparrowxzserver.pch
e:\workserver\wanghu\中间目录\游戏组件\血战麻将\游戏服务器\debug_unicode\vc142.pdb
e:\workserver\wanghu\中间目录\游戏组件\血战麻将\游戏服务器\debug_unicode\vc142.idb
e:\workserver\wanghu\中间目录\游戏组件\血战麻将\游戏服务器\debug_unicode\stdafx.obj
e:\workserver\wanghu\中间目录\游戏组件\血战麻将\游戏服务器\debug_unicode\clog.obj
e:\workserver\wanghu\中间目录\游戏组件\血战麻将\游戏服务器\debug_unicode\dlgcustomrule.obj
e:\workserver\wanghu\中间目录\游戏组件\血战麻将\游戏服务器\debug_unicode\gamelogic.obj
e:\workserver\wanghu\中间目录\游戏组件\血战麻将\游戏服务器\debug_unicode\gameserver.obj
e:\workserver\wanghu\中间目录\游戏组件\血战麻将\游戏服务器\debug_unicode\gameservermanager.obj
e:\workserver\wanghu\中间目录\游戏组件\血战麻将\游戏服务器\debug_unicode\historyscore.obj
e:\workserver\wanghu\中间目录\游戏组件\血战麻将\游戏服务器\debug_unicode\tableframesink.obj
e:\workserver\wanghu\中间目录\游戏组件\血战麻将\游戏服务器\debug_unicode\gameserver.res
e:\workserver\wanghu\中间目录\游戏组件\血战麻将\游戏服务器\debug_unicode\msado15.tli
e:\workserver\wanghu\中间目录\游戏组件\血战麻将\游戏服务器\debug_unicode\msado15.tlh
e:\workserver\wanghu\中间目录\游戏组件\血战麻将\游戏服务器\debug_unicode\sparrowh.ca071ff5.tlog\cl.command.1.tlog
e:\workserver\wanghu\中间目录\游戏组件\血战麻将\游戏服务器\debug_unicode\sparrowh.ca071ff5.tlog\cl.read.1.tlog
e:\workserver\wanghu\中间目录\游戏组件\血战麻将\游戏服务器\debug_unicode\sparrowh.ca071ff5.tlog\cl.write.1.tlog
e:\workserver\wanghu\中间目录\游戏组件\血战麻将\游戏服务器\debug_unicode\sparrowh.ca071ff5.tlog\link-cvtres.read.1.tlog
e:\workserver\wanghu\中间目录\游戏组件\血战麻将\游戏服务器\debug_unicode\sparrowh.ca071ff5.tlog\link-cvtres.write.1.tlog
e:\workserver\wanghu\中间目录\游戏组件\血战麻将\游戏服务器\debug_unicode\sparrowh.ca071ff5.tlog\link-mt.read.1.tlog
e:\workserver\wanghu\中间目录\游戏组件\血战麻将\游戏服务器\debug_unicode\sparrowh.ca071ff5.tlog\link-mt.write.1.tlog
e:\workserver\wanghu\中间目录\游戏组件\血战麻将\游戏服务器\debug_unicode\sparrowh.ca071ff5.tlog\link-rc.read.1.tlog
e:\workserver\wanghu\中间目录\游戏组件\血战麻将\游戏服务器\debug_unicode\sparrowh.ca071ff5.tlog\link-rc.write.1.tlog
e:\workserver\wanghu\中间目录\游戏组件\血战麻将\游戏服务器\debug_unicode\sparrowh.ca071ff5.tlog\link.command.1.tlog
e:\workserver\wanghu\中间目录\游戏组件\血战麻将\游戏服务器\debug_unicode\sparrowh.ca071ff5.tlog\link.read.1.tlog
e:\workserver\wanghu\中间目录\游戏组件\血战麻将\游戏服务器\debug_unicode\sparrowh.ca071ff5.tlog\link.write.1.tlog
e:\workserver\wanghu\中间目录\游戏组件\血战麻将\游戏服务器\debug_unicode\sparrowh.ca071ff5.tlog\rc.command.1.tlog
e:\workserver\wanghu\中间目录\游戏组件\血战麻将\游戏服务器\debug_unicode\sparrowh.ca071ff5.tlog\rc.read.1.tlog
e:\workserver\wanghu\中间目录\游戏组件\血战麻将\游戏服务器\debug_unicode\sparrowh.ca071ff5.tlog\rc.write.1.tlog
