e:\workserver\wanghu\中间目录\游戏组件\红中断勾卡\红中断勾卡服务器\release_unicode\sparrowhzdgkserver.pch
e:\workserver\wanghu\中间目录\游戏组件\红中断勾卡\红中断勾卡服务器\release_unicode\vc142.pdb
e:\workserver\wanghu\中间目录\游戏组件\红中断勾卡\红中断勾卡服务器\release_unicode\stdafx.obj
e:\workserver\wanghu\中间目录\游戏组件\红中断勾卡\红中断勾卡服务器\release_unicode\tableframesink.obj
e:\workserver\wanghu\中间目录\游戏组件\红中断勾卡\红中断勾卡服务器\release_unicode\historyscore.obj
e:\workserver\wanghu\中间目录\游戏组件\红中断勾卡\红中断勾卡服务器\release_unicode\gameservermanager.obj
e:\workserver\wanghu\中间目录\游戏组件\红中断勾卡\红中断勾卡服务器\release_unicode\gameserver.obj
e:\workserver\wanghu\中间目录\游戏组件\红中断勾卡\红中断勾卡服务器\release_unicode\gamelogic.obj
e:\workserver\wanghu\中间目录\游戏组件\红中断勾卡\红中断勾卡服务器\release_unicode\dlgcustomrule.obj
e:\workserver\wanghu\中间目录\游戏组件\红中断勾卡\红中断勾卡服务器\release_unicode\clog.obj
e:\workserver\wanghu\中间目录\游戏组件\红中断勾卡\红中断勾卡服务器\release_unicode\gameserver.res
e:\workserver\wanghu\中间目录\游戏组件\红中断勾卡\红中断勾卡服务器\release_unicode\msado15.tli
e:\workserver\wanghu\中间目录\游戏组件\红中断勾卡\红中断勾卡服务器\release_unicode\msado15.tlh
e:\workserver\wanghu\中间目录\游戏组件\红中断勾卡\红中断勾卡服务器\release_unicode\sparrowh.ca071ff5.tlog\cl.command.1.tlog
e:\workserver\wanghu\中间目录\游戏组件\红中断勾卡\红中断勾卡服务器\release_unicode\sparrowh.ca071ff5.tlog\cl.read.1.tlog
e:\workserver\wanghu\中间目录\游戏组件\红中断勾卡\红中断勾卡服务器\release_unicode\sparrowh.ca071ff5.tlog\cl.write.1.tlog
e:\workserver\wanghu\中间目录\游戏组件\红中断勾卡\红中断勾卡服务器\release_unicode\sparrowh.ca071ff5.tlog\link-cvtres.read.1.tlog
e:\workserver\wanghu\中间目录\游戏组件\红中断勾卡\红中断勾卡服务器\release_unicode\sparrowh.ca071ff5.tlog\link-cvtres.write.1.tlog
e:\workserver\wanghu\中间目录\游戏组件\红中断勾卡\红中断勾卡服务器\release_unicode\sparrowh.ca071ff5.tlog\link-mt.read.1.tlog
e:\workserver\wanghu\中间目录\游戏组件\红中断勾卡\红中断勾卡服务器\release_unicode\sparrowh.ca071ff5.tlog\link-mt.write.1.tlog
e:\workserver\wanghu\中间目录\游戏组件\红中断勾卡\红中断勾卡服务器\release_unicode\sparrowh.ca071ff5.tlog\link-rc.read.1.tlog
e:\workserver\wanghu\中间目录\游戏组件\红中断勾卡\红中断勾卡服务器\release_unicode\sparrowh.ca071ff5.tlog\link-rc.write.1.tlog
e:\workserver\wanghu\中间目录\游戏组件\红中断勾卡\红中断勾卡服务器\release_unicode\sparrowh.ca071ff5.tlog\link.command.1.tlog
e:\workserver\wanghu\中间目录\游戏组件\红中断勾卡\红中断勾卡服务器\release_unicode\sparrowh.ca071ff5.tlog\link.read.1.tlog
e:\workserver\wanghu\中间目录\游戏组件\红中断勾卡\红中断勾卡服务器\release_unicode\sparrowh.ca071ff5.tlog\link.write.1.tlog
e:\workserver\wanghu\中间目录\游戏组件\红中断勾卡\红中断勾卡服务器\release_unicode\sparrowh.ca071ff5.tlog\rc.command.1.tlog
e:\workserver\wanghu\中间目录\游戏组件\红中断勾卡\红中断勾卡服务器\release_unicode\sparrowh.ca071ff5.tlog\rc.read.1.tlog
e:\workserver\wanghu\中间目录\游戏组件\红中断勾卡\红中断勾卡服务器\release_unicode\sparrowh.ca071ff5.tlog\rc.write.1.tlog
